<?xml version='1.0' encoding='UTF-8'?>
<testsuite hostname="ZIU-TABLET" name="reductions.ParallelParenthesesBalancingSuite" tests="4" errors="0" failures="0" time="0.043">
                     <properties>
[...]
</properties>
                     <testcase classname="reductions.ParallelParenthesesBalancingSuite" name="balance should work for empty string" time="0.035">
                                                 
                                               </testcase><testcase classname="reductions.ParallelParenthesesBalancingSuite" name="balance should work for string of length 1" time="0.004">
                                                 
                                               </testcase><testcase classname="reductions.ParallelParenthesesBalancingSuite" name="balance should work for string of length 2" time="0.001">
                                                 
                                               </testcase><testcase classname="reductions.ParallelParenthesesBalancingSuite" name="balance should work for test case example" time="0.003">
                                                 
                                               </testcase>
                     <system-out></system-out>
                     <system-err></system-err>
                   </testsuite>