<?xml version='1.0' encoding='UTF-8'?>
<testsuite hostname="ZIU-TABLET" name="scalashop.BlurSuite" tests="4" errors="0" failures="1" time="0.032">
                     <properties>
[...]
</properties>
                     <testcase classname="scalashop.BlurSuite" name="boxBlurKernel should correctly handle radius 0" time="0.016">
                                                 
                                               </testcase><testcase classname="scalashop.BlurSuite" name="boxBlurKernel should return the correct value on an interior pixel of a 3x4 image with radius 1" time="0.0">
                                                 
                                               </testcase><testcase classname="scalashop.BlurSuite" name="blur with radius 1 should correctly blur the entire 3x3 image" time="0.016">
                                                 <failure message="5 did not equal 0 (destination(0, 2) should be 0)" type="org.scalatest.exceptions.TestFailedException">org.scalatest.exceptions.TestFailedException: 5 did not equal 0 (destination(0, 2) should be 0)
	at org.scalatest.Assertions$class.newAssertionFailedException(Assertions.scala:500)
	at org.scalatest.FunSuite.newAssertionFailedException(FunSuite.scala:1555)
	at org.scalatest.Assertions$AssertionsHelper.macroAssert(Assertions.scala:466)
	at scalashop.BlurSuite$$anonfun$3.check$1(BlurSuite.scala:48)
	at scalashop.BlurSuite$$anonfun$3.apply$mcV$sp(BlurSuite.scala:57)
	at scalashop.BlurSuite$$anonfun$3.apply(BlurSuite.scala:36)
	at scalashop.BlurSuite$$anonfun$3.apply(BlurSuite.scala:36)
	at org.scalatest.Transformer$$anonfun$apply$1.apply$mcV$sp(Transformer.scala:22)
	at org.scalatest.OutcomeOf$class.outcomeOf(OutcomeOf.scala:85)
	at org.scalatest.OutcomeOf$.outcomeOf(OutcomeOf.scala:104)
	at org.scalatest.Transformer.apply(Transformer.scala:22)
	at org.scalatest.Transformer.apply(Transformer.scala:20)
	at org.scalatest.FunSuiteLike$$anon$1.apply(FunSuiteLike.scala:166)
	at org.scalatest.Suite$class.withFixture(Suite.scala:1122)
	at org.scalatest.FunSuite.withFixture(FunSuite.scala:1555)
	at org.scalatest.FunSuiteLike$class.invokeWithFixture$1(FunSuiteLike.scala:163)
	at org.scalatest.FunSuiteLike$$anonfun$runTest$1.apply(FunSuiteLike.scala:175)
	at org.scalatest.FunSuiteLike$$anonfun$runTest$1.apply(FunSuiteLike.scala:175)
	at org.scalatest.SuperEngine.runTestImpl(Engine.scala:306)
	at org.scalatest.FunSuiteLike$class.runTest(FunSuiteLike.scala:175)
	at org.scalatest.FunSuite.runTest(FunSuite.scala:1555)
	at org.scalatest.FunSuiteLike$$anonfun$runTests$1.apply(FunSuiteLike.scala:208)
	at org.scalatest.FunSuiteLike$$anonfun$runTests$1.apply(FunSuiteLike.scala:208)
	at org.scalatest.SuperEngine$$anonfun$traverseSubNodes$1$1.apply(Engine.scala:413)
	at org.scalatest.SuperEngine$$anonfun$traverseSubNodes$1$1.apply(Engine.scala:401)
	at scala.collection.immutable.List.foreach(List.scala:381)
	at org.scalatest.SuperEngine.traverseSubNodes$1(Engine.scala:401)
	at org.scalatest.SuperEngine.org$scalatest$SuperEngine$$runTestsInBranch(Engine.scala:396)
	at org.scalatest.SuperEngine.runTestsImpl(Engine.scala:483)
	at org.scalatest.FunSuiteLike$class.runTests(FunSuiteLike.scala:208)
	at org.scalatest.FunSuite.runTests(FunSuite.scala:1555)
	at org.scalatest.Suite$class.run(Suite.scala:1424)
	at org.scalatest.FunSuite.org$scalatest$FunSuiteLike$$super$run(FunSuite.scala:1555)
	at org.scalatest.FunSuiteLike$$anonfun$run$1.apply(FunSuiteLike.scala:212)
	at org.scalatest.FunSuiteLike$$anonfun$run$1.apply(FunSuiteLike.scala:212)
	at org.scalatest.SuperEngine.runImpl(Engine.scala:545)
	at org.scalatest.FunSuiteLike$class.run(FunSuiteLike.scala:212)
	at org.scalatest.FunSuite.run(FunSuite.scala:1555)
	at org.scalatest.tools.Framework.org$scalatest$tools$Framework$$runSuite(Framework.scala:466)
	at org.scalatest.tools.Framework$ScalaTestTask.execute(Framework.scala:677)
	at sbt.TestRunner.runTest$1(TestFramework.scala:76)
	at sbt.TestRunner.run(TestFramework.scala:85)
	at sbt.TestFramework$$anon$2$$anonfun$$init$$1$$anonfun$apply$8.apply(TestFramework.scala:202)
	at sbt.TestFramework$$anon$2$$anonfun$$init$$1$$anonfun$apply$8.apply(TestFramework.scala:202)
	at sbt.TestFramework$.sbt$TestFramework$$withContextLoader(TestFramework.scala:185)
	at sbt.TestFramework$$anon$2$$anonfun$$init$$1.apply(TestFramework.scala:202)
	at sbt.TestFramework$$anon$2$$anonfun$$init$$1.apply(TestFramework.scala:202)
	at sbt.TestFunction.apply(TestFramework.scala:207)
	at sbt.Tests$$anonfun$9.apply(Tests.scala:216)
	at sbt.Tests$$anonfun$9.apply(Tests.scala:216)
	at sbt.std.Transform$$anon$3$$anonfun$apply$2.apply(System.scala:44)
	at sbt.std.Transform$$anon$3$$anonfun$apply$2.apply(System.scala:44)
	at sbt.std.Transform$$anon$4.work(System.scala:63)
	at sbt.Execute$$anonfun$submit$1$$anonfun$apply$1.apply(Execute.scala:226)
	at sbt.Execute$$anonfun$submit$1$$anonfun$apply$1.apply(Execute.scala:226)
	at sbt.ErrorHandling$.wideConvert(ErrorHandling.scala:17)
	at sbt.Execute.work(Execute.scala:235)
	at sbt.Execute$$anonfun$submit$1.apply(Execute.scala:226)
	at sbt.Execute$$anonfun$submit$1.apply(Execute.scala:226)
	at sbt.ConcurrentRestrictions$$anon$4$$anonfun$1.apply(ConcurrentRestrictions.scala:159)
	at sbt.CompletionService$$anon$2.call(CompletionService.scala:28)
	at java.util.concurrent.FutureTask.run(FutureTask.java:266)
	at java.util.concurrent.Executors$RunnableAdapter.call(Executors.java:511)
	at java.util.concurrent.FutureTask.run(FutureTask.java:266)
	at java.util.concurrent.ThreadPoolExecutor.runWorker(ThreadPoolExecutor.java:1142)
	at java.util.concurrent.ThreadPoolExecutor$Worker.run(ThreadPoolExecutor.java:617)
	at java.lang.Thread.run(Thread.java:745)
</failure>
                                               </testcase><testcase classname="scalashop.BlurSuite" name="blur with radius 2 should correctly blur the entire 4x3 image" time="0.0">
                                                 
                                               </testcase>
                     <system-out></system-out>
                     <system-err></system-err>
                   </testsuite>